{"C:\\Users\\augus\\native_type\\src\\components\\Button\\index.tsx": {"path":"C:\\Users\\augus\\native_type\\src\\components\\Button\\index.tsx","statementMap":{"0":{"start":{"line":10,"column":38},"end":{"line":16,"column":1}},"1":{"start":{"line":11,"column":2},"end":{"line":15,"column":4}}},"fnMap":{"0":{"name":"(anonymous_0)","decl":{"start":{"line":10,"column":38},"end":{"line":10,"column":39}},"loc":{"start":{"line":10,"column":65},"end":{"line":16,"column":1}},"line":10}},"branchMap":{},"s":{"0":1,"1":1},"f":{"0":1},"b":{},"_coverageSchema":"43e27e138ebf9cfc5966b082cf9a028302ed4184","hash":"c29fef0c3055ad339cb01543fca7e19df6976bfc"}
,"C:\\Users\\augus\\native_type\\src\\components\\FloatingCart\\index.tsx": {"path":"C:\\Users\\augus\\native_type\\src\\components\\FloatingCart\\index.tsx","statementMap":{"0":{"start":{"line":21,"column":31},"end":{"line":53,"column":1}},"1":{"start":{"line":22,"column":23},"end":{"line":22,"column":32}},"2":{"start":{"line":24,"column":21},"end":{"line":24,"column":36}},"3":{"start":{"line":26,"column":20},"end":{"line":30,"column":16}},"4":{"start":{"line":29,"column":4},"end":{"line":29,"column":26}},"5":{"start":{"line":32,"column":27},"end":{"line":36,"column":16}},"6":{"start":{"line":35,"column":4},"end":{"line":35,"column":13}},"7":{"start":{"line":38,"column":2},"end":{"line":52,"column":4}},"8":{"start":{"line":42,"column":23},"end":{"line":42,"column":50}}},"fnMap":{"0":{"name":"(anonymous_0)","decl":{"start":{"line":21,"column":31},"end":{"line":21,"column":32}},"loc":{"start":{"line":21,"column":37},"end":{"line":53,"column":1}},"line":21},"1":{"name":"(anonymous_1)","decl":{"start":{"line":26,"column":28},"end":{"line":26,"column":29}},"loc":{"start":{"line":26,"column":34},"end":{"line":30,"column":3}},"line":26},"2":{"name":"(anonymous_2)","decl":{"start":{"line":32,"column":35},"end":{"line":32,"column":36}},"loc":{"start":{"line":32,"column":41},"end":{"line":36,"column":3}},"line":32},"3":{"name":"(anonymous_3)","decl":{"start":{"line":42,"column":17},"end":{"line":42,"column":18}},"loc":{"start":{"line":42,"column":23},"end":{"line":42,"column":50}},"line":42}},"branchMap":{},"s":{"0":0,"1":0,"2":0,"3":0,"4":0,"5":0,"6":0,"7":0,"8":0},"f":{"0":0,"1":0,"2":0,"3":0},"b":{},"hash":"7ac37c4655bcd9445cf8d4354c752b2131d82ec1"}
,"C:\\Users\\augus\\native_type\\src\\components\\Input\\index.tsx": {"path":"C:\\Users\\augus\\native_type\\src\\components\\Input\\index.tsx","statementMap":{"0":{"start":{"line":27,"column":66},"end":{"line":90,"column":1}},"1":{"start":{"line":31,"column":26},"end":{"line":31,"column":43}},"2":{"start":{"line":33,"column":63},"end":{"line":33,"column":77}},"3":{"start":{"line":34,"column":24},"end":{"line":34,"column":74}},"4":{"start":{"line":36,"column":36},"end":{"line":36,"column":51}},"5":{"start":{"line":37,"column":34},"end":{"line":37,"column":49}},"6":{"start":{"line":39,"column":27},"end":{"line":41,"column":8}},"7":{"start":{"line":40,"column":4},"end":{"line":40,"column":23}},"8":{"start":{"line":42,"column":26},"end":{"line":46,"column":8}},"9":{"start":{"line":43,"column":4},"end":{"line":43,"column":24}},"10":{"start":{"line":45,"column":4},"end":{"line":45,"column":47}},"11":{"start":{"line":48,"column":2},"end":{"line":52,"column":6}},"12":{"start":{"line":48,"column":34},"end":{"line":52,"column":3}},"13":{"start":{"line":50,"column":6},"end":{"line":50,"column":38}},"14":{"start":{"line":54,"column":2},"end":{"line":68,"column":33}},"15":{"start":{"line":55,"column":4},"end":{"line":67,"column":7}},"16":{"start":{"line":60,"column":8},"end":{"line":60,"column":44}},"17":{"start":{"line":61,"column":8},"end":{"line":61,"column":62}},"18":{"start":{"line":64,"column":8},"end":{"line":64,"column":41}},"19":{"start":{"line":65,"column":8},"end":{"line":65,"column":40}},"20":{"start":{"line":69,"column":2},"end":{"line":89,"column":4}},"21":{"start":{"line":84,"column":10},"end":{"line":84,"column":46}}},"fnMap":{"0":{"name":"(anonymous_0)","decl":{"start":{"line":27,"column":66},"end":{"line":27,"column":67}},"loc":{"start":{"line":30,"column":5},"end":{"line":90,"column":1}},"line":30},"1":{"name":"(anonymous_1)","decl":{"start":{"line":39,"column":39},"end":{"line":39,"column":40}},"loc":{"start":{"line":39,"column":45},"end":{"line":41,"column":3}},"line":39},"2":{"name":"(anonymous_2)","decl":{"start":{"line":42,"column":38},"end":{"line":42,"column":39}},"loc":{"start":{"line":42,"column":44},"end":{"line":46,"column":3}},"line":42},"3":{"name":"(anonymous_3)","decl":{"start":{"line":48,"column":27},"end":{"line":48,"column":28}},"loc":{"start":{"line":48,"column":34},"end":{"line":52,"column":3}},"line":48},"4":{"name":"(anonymous_4)","decl":{"start":{"line":49,"column":4},"end":{"line":49,"column":5}},"loc":{"start":{"line":49,"column":12},"end":{"line":51,"column":5}},"line":49},"5":{"name":"(anonymous_5)","decl":{"start":{"line":54,"column":12},"end":{"line":54,"column":13}},"loc":{"start":{"line":54,"column":18},"end":{"line":68,"column":3}},"line":54},"6":{"name":"(anonymous_6)","decl":{"start":{"line":59,"column":6},"end":{"line":59,"column":7}},"loc":{"start":{"line":59,"column":32},"end":{"line":62,"column":7}},"line":59},"7":{"name":"(anonymous_7)","decl":{"start":{"line":63,"column":6},"end":{"line":63,"column":7}},"loc":{"start":{"line":63,"column":19},"end":{"line":66,"column":7}},"line":63},"8":{"name":"(anonymous_8)","decl":{"start":{"line":83,"column":22},"end":{"line":83,"column":23}},"loc":{"start":{"line":83,"column":33},"end":{"line":85,"column":9}},"line":83}},"branchMap":{"0":{"loc":{"start":{"line":28,"column":15},"end":{"line":28,"column":34}},"type":"default-arg","locations":[{"start":{"line":28,"column":32},"end":{"line":28,"column":34}}],"line":28},"1":{"loc":{"start":{"line":33,"column":24},"end":{"line":33,"column":41}},"type":"default-arg","locations":[{"start":{"line":33,"column":39},"end":{"line":33,"column":41}}],"line":33},"2":{"loc":{"start":{"line":74,"column":15},"end":{"line":74,"column":60}},"type":"cond-expr","locations":[{"start":{"line":74,"column":39},"end":{"line":74,"column":48}},{"start":{"line":74,"column":51},"end":{"line":74,"column":60}}],"line":74},"3":{"loc":{"start":{"line":74,"column":15},"end":{"line":74,"column":36}},"type":"binary-expr","locations":[{"start":{"line":74,"column":15},"end":{"line":74,"column":24}},{"start":{"line":74,"column":28},"end":{"line":74,"column":36}}],"line":74}},"s":{"0":1,"1":2,"2":2,"3":2,"4":2,"5":2,"6":2,"7":0,"8":2,"9":0,"10":0,"11":2,"12":1,"13":0,"14":2,"15":2,"16":0,"17":0,"18":0,"19":0,"20":2,"21":0},"f":{"0":2,"1":0,"2":0,"3":1,"4":0,"5":2,"6":0,"7":0,"8":0},"b":{"0":[2],"1":[2],"2":[0,2],"3":[2,2]},"_coverageSchema":"43e27e138ebf9cfc5966b082cf9a028302ed4184","hash":"d5c8055aee17ee2c06a21a048addc0af43e7a353"}
,"C:\\Users\\augus\\native_type\\src\\hooks\\auth.tsx": {"path":"C:\\Users\\augus\\native_type\\src\\hooks\\auth.tsx","statementMap":{"0":{"start":{"line":36,"column":20},"end":{"line":36,"column":73}},"1":{"start":{"line":38,"column":38},"end":{"line":103,"column":1}},"2":{"start":{"line":39,"column":26},"end":{"line":39,"column":62}},"3":{"start":{"line":40,"column":32},"end":{"line":40,"column":46}},"4":{"start":{"line":42,"column":2},"end":{"line":59,"column":9}},"5":{"start":{"line":44,"column":28},"end":{"line":47,"column":8}},"6":{"start":{"line":49,"column":6},"end":{"line":53,"column":7}},"7":{"start":{"line":50,"column":8},"end":{"line":50,"column":66}},"8":{"start":{"line":52,"column":8},"end":{"line":52,"column":62}},"9":{"start":{"line":55,"column":6},"end":{"line":55,"column":24}},"10":{"start":{"line":58,"column":4},"end":{"line":58,"column":23}},"11":{"start":{"line":61,"column":17},"end":{"line":77,"column":8}},"12":{"start":{"line":62,"column":21},"end":{"line":65,"column":6}},"13":{"start":{"line":67,"column":26},"end":{"line":67,"column":39}},"14":{"start":{"line":69,"column":4},"end":{"line":72,"column":7}},"15":{"start":{"line":74,"column":4},"end":{"line":74,"column":59}},"16":{"start":{"line":76,"column":4},"end":{"line":76,"column":27}},"17":{"start":{"line":79,"column":18},"end":{"line":83,"column":8}},"18":{"start":{"line":80,"column":4},"end":{"line":80,"column":74}},"19":{"start":{"line":82,"column":4},"end":{"line":82,"column":29}},"20":{"start":{"line":85,"column":21},"end":{"line":95,"column":3}},"21":{"start":{"line":87,"column":6},"end":{"line":87,"column":73}},"22":{"start":{"line":89,"column":6},"end":{"line":92,"column":9}},"23":{"start":{"line":97,"column":2},"end":{"line":102,"column":4}},"24":{"start":{"line":105,"column":18},"end":{"line":105,"column":41}},"25":{"start":{"line":107,"column":2},"end":{"line":109,"column":3}},"26":{"start":{"line":108,"column":4},"end":{"line":108,"column":67}},"27":{"start":{"line":111,"column":2},"end":{"line":111,"column":17}}},"fnMap":{"0":{"name":"(anonymous_0)","decl":{"start":{"line":38,"column":38},"end":{"line":38,"column":39}},"loc":{"start":{"line":38,"column":54},"end":{"line":103,"column":1}},"line":38},"1":{"name":"(anonymous_1)","decl":{"start":{"line":42,"column":12},"end":{"line":42,"column":13}},"loc":{"start":{"line":42,"column":18},"end":{"line":59,"column":3}},"line":42},"2":{"name":"loadStoragedData","decl":{"start":{"line":43,"column":19},"end":{"line":43,"column":35}},"loc":{"start":{"line":43,"column":53},"end":{"line":56,"column":5}},"line":43},"3":{"name":"(anonymous_3)","decl":{"start":{"line":61,"column":29},"end":{"line":61,"column":30}},"loc":{"start":{"line":61,"column":58},"end":{"line":77,"column":3}},"line":61},"4":{"name":"(anonymous_4)","decl":{"start":{"line":79,"column":30},"end":{"line":79,"column":31}},"loc":{"start":{"line":79,"column":42},"end":{"line":83,"column":3}},"line":79},"5":{"name":"(anonymous_5)","decl":{"start":{"line":86,"column":4},"end":{"line":86,"column":5}},"loc":{"start":{"line":86,"column":26},"end":{"line":93,"column":5}},"line":86},"6":{"name":"useAuth","decl":{"start":{"line":104,"column":16},"end":{"line":104,"column":23}},"loc":{"start":{"line":104,"column":43},"end":{"line":112,"column":1}},"line":104}},"branchMap":{"0":{"loc":{"start":{"line":49,"column":6},"end":{"line":53,"column":7}},"type":"if","locations":[{"start":{"line":49,"column":6},"end":{"line":53,"column":7}},{"start":{"line":49,"column":6},"end":{"line":53,"column":7}}],"line":49},"1":{"loc":{"start":{"line":49,"column":10},"end":{"line":49,"column":29}},"type":"binary-expr","locations":[{"start":{"line":49,"column":10},"end":{"line":49,"column":18}},{"start":{"line":49,"column":22},"end":{"line":49,"column":29}}],"line":49},"2":{"loc":{"start":{"line":107,"column":2},"end":{"line":109,"column":3}},"type":"if","locations":[{"start":{"line":107,"column":2},"end":{"line":109,"column":3}},{"start":{"line":107,"column":2},"end":{"line":109,"column":3}}],"line":107}},"s":{"0":1,"1":1,"2":0,"3":0,"4":0,"5":0,"6":0,"7":0,"8":0,"9":0,"10":0,"11":0,"12":0,"13":0,"14":0,"15":0,"16":0,"17":0,"18":0,"19":0,"20":0,"21":0,"22":0,"23":0,"24":1,"25":1,"26":0,"27":1},"f":{"0":0,"1":0,"2":0,"3":0,"4":0,"5":0,"6":1},"b":{"0":[0,0],"1":[0,0],"2":[0,1]},"_coverageSchema":"43e27e138ebf9cfc5966b082cf9a028302ed4184","hash":"6b4f600dbd710b4d2457e6b95f3a3a60d5ed0a17"}
,"C:\\Users\\augus\\native_type\\src\\hooks\\cart.tsx": {"path":"C:\\Users\\augus\\native_type\\src\\hooks\\cart.tsx","statementMap":{"0":{"start":{"line":26,"column":20},"end":{"line":26,"column":59}},"1":{"start":{"line":28,"column":31},"end":{"line":57,"column":1}},"2":{"start":{"line":29,"column":34},"end":{"line":29,"column":57}},"3":{"start":{"line":31,"column":2},"end":{"line":37,"column":9}},"4":{"start":{"line":36,"column":4},"end":{"line":36,"column":19}},"5":{"start":{"line":39,"column":20},"end":{"line":41,"column":8}},"6":{"start":{"line":43,"column":20},"end":{"line":45,"column":8}},"7":{"start":{"line":47,"column":20},"end":{"line":49,"column":8}},"8":{"start":{"line":51,"column":16},"end":{"line":54,"column":3}},"9":{"start":{"line":52,"column":11},"end":{"line":52,"column":56}},"10":{"start":{"line":56,"column":2},"end":{"line":56,"column":79}},"11":{"start":{"line":60,"column":18},"end":{"line":60,"column":41}},"12":{"start":{"line":62,"column":2},"end":{"line":64,"column":3}},"13":{"start":{"line":63,"column":4},"end":{"line":63,"column":66}},"14":{"start":{"line":66,"column":2},"end":{"line":66,"column":17}}},"fnMap":{"0":{"name":"(anonymous_0)","decl":{"start":{"line":28,"column":31},"end":{"line":28,"column":32}},"loc":{"start":{"line":28,"column":49},"end":{"line":57,"column":1}},"line":28},"1":{"name":"(anonymous_1)","decl":{"start":{"line":31,"column":12},"end":{"line":31,"column":13}},"loc":{"start":{"line":31,"column":18},"end":{"line":37,"column":3}},"line":31},"2":{"name":"loadProducts","decl":{"start":{"line":32,"column":19},"end":{"line":32,"column":31}},"loc":{"start":{"line":32,"column":49},"end":{"line":34,"column":5}},"line":32},"3":{"name":"(anonymous_3)","decl":{"start":{"line":39,"column":32},"end":{"line":39,"column":33}},"loc":{"start":{"line":39,"column":49},"end":{"line":41,"column":3}},"line":39},"4":{"name":"(anonymous_4)","decl":{"start":{"line":43,"column":32},"end":{"line":43,"column":33}},"loc":{"start":{"line":43,"column":44},"end":{"line":45,"column":3}},"line":43},"5":{"name":"(anonymous_5)","decl":{"start":{"line":47,"column":32},"end":{"line":47,"column":33}},"loc":{"start":{"line":47,"column":44},"end":{"line":49,"column":3}},"line":47},"6":{"name":"(anonymous_6)","decl":{"start":{"line":52,"column":4},"end":{"line":52,"column":5}},"loc":{"start":{"line":52,"column":11},"end":{"line":52,"column":56}},"line":52},"7":{"name":"useCart","decl":{"start":{"line":59,"column":9},"end":{"line":59,"column":16}},"loc":{"start":{"line":59,"column":32},"end":{"line":67,"column":1}},"line":59}},"branchMap":{"0":{"loc":{"start":{"line":62,"column":2},"end":{"line":64,"column":3}},"type":"if","locations":[{"start":{"line":62,"column":2},"end":{"line":64,"column":3}},{"start":{"line":62,"column":2},"end":{"line":64,"column":3}}],"line":62}},"s":{"0":0,"1":0,"2":0,"3":0,"4":0,"5":0,"6":0,"7":0,"8":0,"9":0,"10":0,"11":0,"12":0,"13":0,"14":0},"f":{"0":0,"1":0,"2":0,"3":0,"4":0,"5":0,"6":0,"7":0},"b":{"0":[0,0]},"hash":"bd8866d248d6f8fd2effe0242c25598da6eb0fd4"}
,"C:\\Users\\augus\\native_type\\src\\pages\\AppointmentCreated\\index.tsx": {"path":"C:\\Users\\augus\\native_type\\src\\pages\\AppointmentCreated\\index.tsx","statementMap":{"0":{"start":{"line":15,"column":37},"end":{"line":46,"column":1}},"1":{"start":{"line":16,"column":18},"end":{"line":16,"column":33}},"2":{"start":{"line":17,"column":19},"end":{"line":17,"column":29}},"3":{"start":{"line":19,"column":22},"end":{"line":19,"column":43}},"4":{"start":{"line":21,"column":26},"end":{"line":26,"column":13}},"5":{"start":{"line":22,"column":4},"end":{"line":25,"column":7}},"6":{"start":{"line":28,"column":24},"end":{"line":34,"column":24}},"7":{"start":{"line":29,"column":4},"end":{"line":33,"column":6}},"8":{"start":{"line":36,"column":2},"end":{"line":45,"column":4}}},"fnMap":{"0":{"name":"(anonymous_0)","decl":{"start":{"line":15,"column":37},"end":{"line":15,"column":38}},"loc":{"start":{"line":15,"column":43},"end":{"line":46,"column":1}},"line":15},"1":{"name":"(anonymous_1)","decl":{"start":{"line":21,"column":38},"end":{"line":21,"column":39}},"loc":{"start":{"line":21,"column":44},"end":{"line":26,"column":3}},"line":21},"2":{"name":"(anonymous_2)","decl":{"start":{"line":28,"column":32},"end":{"line":28,"column":33}},"loc":{"start":{"line":28,"column":38},"end":{"line":34,"column":3}},"line":28}},"branchMap":{},"s":{"0":0,"1":0,"2":0,"3":0,"4":0,"5":0,"6":0,"7":0,"8":0},"f":{"0":0,"1":0,"2":0},"b":{},"hash":"fb48ebbb428a8b0e36bdb1dd3c5093d4271527d8"}
,"C:\\Users\\augus\\native_type\\src\\pages\\CreateAppointment\\index.tsx": {"path":"C:\\Users\\augus\\native_type\\src\\pages\\CreateAppointment\\index.tsx","statementMap":{"0":{"start":{"line":47,"column":36},"end":{"line":259,"column":1}},"1":{"start":{"line":48,"column":16},"end":{"line":48,"column":26}},"2":{"start":{"line":49,"column":17},"end":{"line":49,"column":26}},"3":{"start":{"line":50,"column":29},"end":{"line":50,"column":44}},"4":{"start":{"line":51,"column":22},"end":{"line":51,"column":49}},"5":{"start":{"line":52,"column":46},"end":{"line":52,"column":61}},"6":{"start":{"line":53,"column":42},"end":{"line":53,"column":62}},"7":{"start":{"line":54,"column":42},"end":{"line":54,"column":53}},"8":{"start":{"line":55,"column":42},"end":{"line":55,"column":72}},"9":{"start":{"line":56,"column":36},"end":{"line":56,"column":58}},"10":{"start":{"line":57,"column":50},"end":{"line":59,"column":3}},"11":{"start":{"line":61,"column":2},"end":{"line":65,"column":9}},"12":{"start":{"line":62,"column":4},"end":{"line":64,"column":7}},"13":{"start":{"line":63,"column":6},"end":{"line":63,"column":34}},"14":{"start":{"line":67,"column":2},"end":{"line":79,"column":39}},"15":{"start":{"line":68,"column":4},"end":{"line":78,"column":9}},"16":{"start":{"line":77,"column":8},"end":{"line":77,"column":39}},"17":{"start":{"line":81,"column":23},"end":{"line":83,"column":14}},"18":{"start":{"line":82,"column":4},"end":{"line":82,"column":13}},"19":{"start":{"line":85,"column":31},"end":{"line":90,"column":3}},"20":{"start":{"line":87,"column":6},"end":{"line":87,"column":38}},"21":{"start":{"line":92,"column":33},"end":{"line":94,"column":8}},"22":{"start":{"line":93,"column":4},"end":{"line":93,"column":47}},"23":{"start":{"line":93,"column":36},"end":{"line":93,"column":45}},"24":{"start":{"line":96,"column":30},"end":{"line":106,"column":20}},"25":{"start":{"line":97,"column":4},"end":{"line":105,"column":9}},"26":{"start":{"line":98,"column":26},"end":{"line":98,"column":35}},"27":{"start":{"line":100,"column":8},"end":{"line":104,"column":10}},"28":{"start":{"line":108,"column":32},"end":{"line":118,"column":20}},"29":{"start":{"line":109,"column":4},"end":{"line":117,"column":9}},"30":{"start":{"line":110,"column":26},"end":{"line":110,"column":36}},"31":{"start":{"line":112,"column":8},"end":{"line":116,"column":10}},"32":{"start":{"line":120,"column":28},"end":{"line":130,"column":3}},"33":{"start":{"line":122,"column":6},"end":{"line":124,"column":7}},"34":{"start":{"line":123,"column":8},"end":{"line":123,"column":33}},"35":{"start":{"line":125,"column":6},"end":{"line":127,"column":7}},"36":{"start":{"line":126,"column":8},"end":{"line":126,"column":30}},"37":{"start":{"line":132,"column":27},"end":{"line":134,"column":8}},"38":{"start":{"line":133,"column":4},"end":{"line":133,"column":26}},"39":{"start":{"line":136,"column":34},"end":{"line":155,"column":62}},"40":{"start":{"line":137,"column":4},"end":{"line":154,"column":5}},"41":{"start":{"line":138,"column":19},"end":{"line":138,"column":41}},"42":{"start":{"line":140,"column":6},"end":{"line":140,"column":34}},"43":{"start":{"line":141,"column":6},"end":{"line":141,"column":25}},"44":{"start":{"line":143,"column":6},"end":{"line":146,"column":9}},"45":{"start":{"line":148,"column":6},"end":{"line":148,"column":66}},"46":{"start":{"line":150,"column":6},"end":{"line":153,"column":8}},"47":{"start":{"line":157,"column":24},"end":{"line":159,"column":20}},"48":{"start":{"line":158,"column":4},"end":{"line":158,"column":62}},"49":{"start":{"line":161,"column":2},"end":{"line":258,"column":4}},"50":{"start":{"line":176,"column":40},"end":{"line":176,"column":51}},"51":{"start":{"line":178,"column":14},"end":{"line":192,"column":34}},"52":{"start":{"line":179,"column":31},"end":{"line":179,"column":64}},"53":{"start":{"line":219,"column":16},"end":{"line":229,"column":23}},"54":{"start":{"line":222,"column":33},"end":{"line":222,"column":55}},"55":{"start":{"line":237,"column":16},"end":{"line":247,"column":23}},"56":{"start":{"line":240,"column":33},"end":{"line":240,"column":55}}},"fnMap":{"0":{"name":"(anonymous_0)","decl":{"start":{"line":47,"column":36},"end":{"line":47,"column":37}},"loc":{"start":{"line":47,"column":42},"end":{"line":259,"column":1}},"line":47},"1":{"name":"(anonymous_1)","decl":{"start":{"line":61,"column":12},"end":{"line":61,"column":13}},"loc":{"start":{"line":61,"column":18},"end":{"line":65,"column":3}},"line":61},"2":{"name":"(anonymous_2)","decl":{"start":{"line":62,"column":29},"end":{"line":62,"column":30}},"loc":{"start":{"line":62,"column":43},"end":{"line":64,"column":5}},"line":62},"3":{"name":"(anonymous_3)","decl":{"start":{"line":67,"column":12},"end":{"line":67,"column":13}},"loc":{"start":{"line":67,"column":18},"end":{"line":79,"column":3}},"line":67},"4":{"name":"(anonymous_4)","decl":{"start":{"line":76,"column":12},"end":{"line":76,"column":13}},"loc":{"start":{"line":76,"column":26},"end":{"line":78,"column":7}},"line":76},"5":{"name":"(anonymous_5)","decl":{"start":{"line":81,"column":35},"end":{"line":81,"column":36}},"loc":{"start":{"line":81,"column":41},"end":{"line":83,"column":3}},"line":81},"6":{"name":"(anonymous_6)","decl":{"start":{"line":86,"column":4},"end":{"line":86,"column":5}},"loc":{"start":{"line":86,"column":28},"end":{"line":88,"column":5}},"line":86},"7":{"name":"(anonymous_7)","decl":{"start":{"line":92,"column":45},"end":{"line":92,"column":46}},"loc":{"start":{"line":92,"column":51},"end":{"line":94,"column":3}},"line":92},"8":{"name":"(anonymous_8)","decl":{"start":{"line":93,"column":22},"end":{"line":93,"column":23}},"loc":{"start":{"line":93,"column":36},"end":{"line":93,"column":45}},"line":93},"9":{"name":"(anonymous_9)","decl":{"start":{"line":96,"column":38},"end":{"line":96,"column":39}},"loc":{"start":{"line":96,"column":44},"end":{"line":106,"column":3}},"line":96},"10":{"name":"(anonymous_10)","decl":{"start":{"line":98,"column":14},"end":{"line":98,"column":15}},"loc":{"start":{"line":98,"column":26},"end":{"line":98,"column":35}},"line":98},"11":{"name":"(anonymous_11)","decl":{"start":{"line":99,"column":11},"end":{"line":99,"column":12}},"loc":{"start":{"line":99,"column":34},"end":{"line":105,"column":7}},"line":99},"12":{"name":"(anonymous_12)","decl":{"start":{"line":108,"column":40},"end":{"line":108,"column":41}},"loc":{"start":{"line":108,"column":46},"end":{"line":118,"column":3}},"line":108},"13":{"name":"(anonymous_13)","decl":{"start":{"line":110,"column":14},"end":{"line":110,"column":15}},"loc":{"start":{"line":110,"column":26},"end":{"line":110,"column":36}},"line":110},"14":{"name":"(anonymous_14)","decl":{"start":{"line":111,"column":11},"end":{"line":111,"column":12}},"loc":{"start":{"line":111,"column":34},"end":{"line":117,"column":7}},"line":111},"15":{"name":"(anonymous_15)","decl":{"start":{"line":121,"column":4},"end":{"line":121,"column":5}},"loc":{"start":{"line":121,"column":44},"end":{"line":128,"column":5}},"line":121},"16":{"name":"(anonymous_16)","decl":{"start":{"line":132,"column":39},"end":{"line":132,"column":40}},"loc":{"start":{"line":132,"column":57},"end":{"line":134,"column":3}},"line":132},"17":{"name":"(anonymous_17)","decl":{"start":{"line":136,"column":46},"end":{"line":136,"column":47}},"loc":{"start":{"line":136,"column":58},"end":{"line":155,"column":3}},"line":136},"18":{"name":"(anonymous_18)","decl":{"start":{"line":157,"column":32},"end":{"line":157,"column":33}},"loc":{"start":{"line":157,"column":38},"end":{"line":159,"column":3}},"line":157},"19":{"name":"(anonymous_19)","decl":{"start":{"line":176,"column":26},"end":{"line":176,"column":27}},"loc":{"start":{"line":176,"column":40},"end":{"line":176,"column":51}},"line":176},"20":{"name":"(anonymous_20)","decl":{"start":{"line":177,"column":24},"end":{"line":177,"column":25}},"loc":{"start":{"line":178,"column":14},"end":{"line":192,"column":34}},"line":178},"21":{"name":"(anonymous_21)","decl":{"start":{"line":179,"column":25},"end":{"line":179,"column":26}},"loc":{"start":{"line":179,"column":31},"end":{"line":179,"column":64}},"line":179},"22":{"name":"(anonymous_22)","decl":{"start":{"line":218,"column":39},"end":{"line":218,"column":40}},"loc":{"start":{"line":219,"column":16},"end":{"line":229,"column":23}},"line":219},"23":{"name":"(anonymous_23)","decl":{"start":{"line":222,"column":27},"end":{"line":222,"column":28}},"loc":{"start":{"line":222,"column":33},"end":{"line":222,"column":55}},"line":222},"24":{"name":"(anonymous_24)","decl":{"start":{"line":236,"column":41},"end":{"line":236,"column":42}},"loc":{"start":{"line":237,"column":16},"end":{"line":247,"column":23}},"line":237},"25":{"name":"(anonymous_25)","decl":{"start":{"line":240,"column":27},"end":{"line":240,"column":28}},"loc":{"start":{"line":240,"column":33},"end":{"line":240,"column":55}},"line":240}},"branchMap":{"0":{"loc":{"start":{"line":122,"column":6},"end":{"line":124,"column":7}},"type":"if","locations":[{"start":{"line":122,"column":6},"end":{"line":124,"column":7}},{"start":{"line":122,"column":6},"end":{"line":124,"column":7}}],"line":122},"1":{"loc":{"start":{"line":125,"column":6},"end":{"line":127,"column":7}},"type":"if","locations":[{"start":{"line":125,"column":6},"end":{"line":127,"column":7}},{"start":{"line":125,"column":6},"end":{"line":127,"column":7}}],"line":125},"2":{"loc":{"start":{"line":184,"column":25},"end":{"line":186,"column":89}},"type":"cond-expr","locations":[{"start":{"line":185,"column":24},"end":{"line":185,"column":43}},{"start":{"line":186,"column":24},"end":{"line":186,"column":89}}],"line":184},"3":{"loc":{"start":{"line":203,"column":11},"end":{"line":211,"column":11}},"type":"binary-expr","locations":[{"start":{"line":203,"column":11},"end":{"line":203,"column":25}},{"start":{"line":204,"column":12},"end":{"line":210,"column":14}}],"line":203}},"s":{"0":0,"1":0,"2":0,"3":0,"4":0,"5":0,"6":0,"7":0,"8":0,"9":0,"10":0,"11":0,"12":0,"13":0,"14":0,"15":0,"16":0,"17":0,"18":0,"19":0,"20":0,"21":0,"22":0,"23":0,"24":0,"25":0,"26":0,"27":0,"28":0,"29":0,"30":0,"31":0,"32":0,"33":0,"34":0,"35":0,"36":0,"37":0,"38":0,"39":0,"40":0,"41":0,"42":0,"43":0,"44":0,"45":0,"46":0,"47":0,"48":0,"49":0,"50":0,"51":0,"52":0,"53":0,"54":0,"55":0,"56":0},"f":{"0":0,"1":0,"2":0,"3":0,"4":0,"5":0,"6":0,"7":0,"8":0,"9":0,"10":0,"11":0,"12":0,"13":0,"14":0,"15":0,"16":0,"17":0,"18":0,"19":0,"20":0,"21":0,"22":0,"23":0,"24":0,"25":0},"b":{"0":[0,0],"1":[0,0],"2":[0,0],"3":[0,0]},"hash":"986c276b13e7044e3b9f852a04cabdd5744e0ddf"}
,"C:\\Users\\augus\\native_type\\src\\pages\\Dashboard\\index.tsx": {"path":"C:\\Users\\augus\\native_type\\src\\pages\\Dashboard\\index.tsx","statementMap":{"0":{"start":{"line":31,"column":28},"end":{"line":102,"column":1}},"1":{"start":{"line":32,"column":21},"end":{"line":32,"column":36}},"2":{"start":{"line":34,"column":17},"end":{"line":34,"column":26}},"3":{"start":{"line":36,"column":36},"end":{"line":36,"column":58}},"4":{"start":{"line":38,"column":2},"end":{"line":42,"column":9}},"5":{"start":{"line":39,"column":4},"end":{"line":41,"column":7}},"6":{"start":{"line":40,"column":6},"end":{"line":40,"column":34}},"7":{"start":{"line":44,"column":28},"end":{"line":46,"column":16}},"8":{"start":{"line":45,"column":4},"end":{"line":45,"column":29}},"9":{"start":{"line":48,"column":38},"end":{"line":53,"column":3}},"10":{"start":{"line":50,"column":6},"end":{"line":50,"column":55}},"11":{"start":{"line":55,"column":2},"end":{"line":101,"column":4}},"12":{"start":{"line":73,"column":36},"end":{"line":73,"column":47}},"13":{"start":{"line":75,"column":10},"end":{"line":97,"column":30}},"14":{"start":{"line":76,"column":27},"end":{"line":76,"column":67}}},"fnMap":{"0":{"name":"(anonymous_0)","decl":{"start":{"line":31,"column":28},"end":{"line":31,"column":29}},"loc":{"start":{"line":31,"column":34},"end":{"line":102,"column":1}},"line":31},"1":{"name":"(anonymous_1)","decl":{"start":{"line":38,"column":12},"end":{"line":38,"column":13}},"loc":{"start":{"line":38,"column":18},"end":{"line":42,"column":3}},"line":38},"2":{"name":"(anonymous_2)","decl":{"start":{"line":39,"column":29},"end":{"line":39,"column":30}},"loc":{"start":{"line":39,"column":43},"end":{"line":41,"column":5}},"line":39},"3":{"name":"(anonymous_3)","decl":{"start":{"line":44,"column":40},"end":{"line":44,"column":41}},"loc":{"start":{"line":44,"column":46},"end":{"line":46,"column":3}},"line":44},"4":{"name":"(anonymous_4)","decl":{"start":{"line":49,"column":4},"end":{"line":49,"column":5}},"loc":{"start":{"line":49,"column":28},"end":{"line":51,"column":5}},"line":49},"5":{"name":"(anonymous_5)","decl":{"start":{"line":73,"column":22},"end":{"line":73,"column":23}},"loc":{"start":{"line":73,"column":36},"end":{"line":73,"column":47}},"line":73},"6":{"name":"(anonymous_6)","decl":{"start":{"line":74,"column":20},"end":{"line":74,"column":21}},"loc":{"start":{"line":75,"column":10},"end":{"line":97,"column":30}},"line":75},"7":{"name":"(anonymous_7)","decl":{"start":{"line":76,"column":21},"end":{"line":76,"column":22}},"loc":{"start":{"line":76,"column":27},"end":{"line":76,"column":67}},"line":76}},"branchMap":{"0":{"loc":{"start":{"line":79,"column":21},"end":{"line":81,"column":85}},"type":"cond-expr","locations":[{"start":{"line":80,"column":20},"end":{"line":80,"column":39}},{"start":{"line":81,"column":20},"end":{"line":81,"column":85}}],"line":79}},"s":{"0":0,"1":0,"2":0,"3":0,"4":0,"5":0,"6":0,"7":0,"8":0,"9":0,"10":0,"11":0,"12":0,"13":0,"14":0},"f":{"0":0,"1":0,"2":0,"3":0,"4":0,"5":0,"6":0,"7":0},"b":{"0":[0,0]},"hash":"023c5a86d9d1c87e8082592244db48caa6473b69"}
,"C:\\Users\\augus\\native_type\\src\\pages\\Profile\\index.tsx": {"path":"C:\\Users\\augus\\native_type\\src\\pages\\Profile\\index.tsx","statementMap":{"0":{"start":{"line":39,"column":25},"end":{"line":252,"column":1}},"1":{"start":{"line":40,"column":38},"end":{"line":40,"column":47}},"2":{"start":{"line":41,"column":21},"end":{"line":41,"column":36}},"3":{"start":{"line":42,"column":18},"end":{"line":42,"column":43}},"4":{"start":{"line":43,"column":24},"end":{"line":43,"column":47}},"5":{"start":{"line":44,"column":27},"end":{"line":44,"column":50}},"6":{"start":{"line":45,"column":30},"end":{"line":45,"column":53}},"7":{"start":{"line":46,"column":34},"end":{"line":46,"column":57}},"8":{"start":{"line":48,"column":23},"end":{"line":118,"column":3}},"9":{"start":{"line":50,"column":6},"end":{"line":50,"column":37}},"10":{"start":{"line":52,"column":6},"end":{"line":115,"column":7}},"11":{"start":{"line":53,"column":23},"end":{"line":72,"column":10}},"12":{"start":{"line":60,"column":25},"end":{"line":60,"column":37}},"13":{"start":{"line":67,"column":27},"end":{"line":67,"column":39}},"14":{"start":{"line":74,"column":8},"end":{"line":76,"column":11}},"15":{"start":{"line":84,"column":12},"end":{"line":84,"column":16}},"16":{"start":{"line":86,"column":25},"end":{"line":96,"column":9}},"17":{"start":{"line":98,"column":25},"end":{"line":98,"column":60}},"18":{"start":{"line":100,"column":8},"end":{"line":100,"column":34}},"19":{"start":{"line":102,"column":8},"end":{"line":102,"column":28}},"20":{"start":{"line":104,"column":8},"end":{"line":104,"column":54}},"21":{"start":{"line":106,"column":8},"end":{"line":110,"column":9}},"22":{"start":{"line":107,"column":10},"end":{"line":107,"column":63}},"23":{"start":{"line":109,"column":10},"end":{"line":109,"column":17}},"24":{"start":{"line":111,"column":8},"end":{"line":114,"column":10}},"25":{"start":{"line":120,"column":23},"end":{"line":122,"column":18}},"26":{"start":{"line":121,"column":4},"end":{"line":121,"column":24}},"27":{"start":{"line":124,"column":24},"end":{"line":126,"column":15}},"28":{"start":{"line":125,"column":4},"end":{"line":125,"column":14}},"29":{"start":{"line":128,"column":29},"end":{"line":159,"column":27}},"30":{"start":{"line":129,"column":4},"end":{"line":158,"column":6}},"31":{"start":{"line":137,"column":8},"end":{"line":139,"column":9}},"32":{"start":{"line":138,"column":10},"end":{"line":138,"column":17}},"33":{"start":{"line":141,"column":8},"end":{"line":144,"column":9}},"34":{"start":{"line":142,"column":10},"end":{"line":142,"column":54}},"35":{"start":{"line":143,"column":10},"end":{"line":143,"column":17}},"36":{"start":{"line":146,"column":21},"end":{"line":146,"column":35}},"37":{"start":{"line":148,"column":8},"end":{"line":152,"column":11}},"38":{"start":{"line":154,"column":8},"end":{"line":156,"column":11}},"39":{"start":{"line":155,"column":10},"end":{"line":155,"column":39}},"40":{"start":{"line":161,"column":2},"end":{"line":251,"column":4}},"41":{"start":{"line":197,"column":16},"end":{"line":197,"column":47}},"42":{"start":{"line":210,"column":16},"end":{"line":210,"column":53}},"43":{"start":{"line":222,"column":37},"end":{"line":222,"column":70}},"44":{"start":{"line":232,"column":37},"end":{"line":232,"column":77}},"45":{"start":{"line":242,"column":37},"end":{"line":242,"column":66}},"46":{"start":{"line":244,"column":35},"end":{"line":244,"column":64}}},"fnMap":{"0":{"name":"(anonymous_0)","decl":{"start":{"line":39,"column":25},"end":{"line":39,"column":26}},"loc":{"start":{"line":39,"column":31},"end":{"line":252,"column":1}},"line":39},"1":{"name":"(anonymous_1)","decl":{"start":{"line":49,"column":4},"end":{"line":49,"column":5}},"loc":{"start":{"line":49,"column":37},"end":{"line":116,"column":5}},"line":49},"2":{"name":"(anonymous_2)","decl":{"start":{"line":60,"column":16},"end":{"line":60,"column":17}},"loc":{"start":{"line":60,"column":25},"end":{"line":60,"column":37}},"line":60},"3":{"name":"(anonymous_3)","decl":{"start":{"line":67,"column":18},"end":{"line":67,"column":19}},"loc":{"start":{"line":67,"column":27},"end":{"line":67,"column":39}},"line":67},"4":{"name":"(anonymous_4)","decl":{"start":{"line":120,"column":35},"end":{"line":120,"column":36}},"loc":{"start":{"line":120,"column":41},"end":{"line":122,"column":3}},"line":120},"5":{"name":"(anonymous_5)","decl":{"start":{"line":124,"column":36},"end":{"line":124,"column":37}},"loc":{"start":{"line":124,"column":42},"end":{"line":126,"column":3}},"line":124},"6":{"name":"(anonymous_6)","decl":{"start":{"line":128,"column":41},"end":{"line":128,"column":42}},"loc":{"start":{"line":128,"column":47},"end":{"line":159,"column":3}},"line":128},"7":{"name":"(anonymous_7)","decl":{"start":{"line":136,"column":6},"end":{"line":136,"column":7}},"loc":{"start":{"line":136,"column":20},"end":{"line":157,"column":7}},"line":136},"8":{"name":"(anonymous_8)","decl":{"start":{"line":154,"column":46},"end":{"line":154,"column":47}},"loc":{"start":{"line":154,"column":63},"end":{"line":156,"column":9}},"line":154},"9":{"name":"(anonymous_9)","decl":{"start":{"line":196,"column":31},"end":{"line":196,"column":32}},"loc":{"start":{"line":196,"column":37},"end":{"line":198,"column":15}},"line":196},"10":{"name":"(anonymous_10)","decl":{"start":{"line":209,"column":31},"end":{"line":209,"column":32}},"loc":{"start":{"line":209,"column":37},"end":{"line":211,"column":15}},"line":209},"11":{"name":"(anonymous_11)","decl":{"start":{"line":222,"column":31},"end":{"line":222,"column":32}},"loc":{"start":{"line":222,"column":37},"end":{"line":222,"column":70}},"line":222},"12":{"name":"(anonymous_12)","decl":{"start":{"line":232,"column":31},"end":{"line":232,"column":32}},"loc":{"start":{"line":232,"column":37},"end":{"line":232,"column":77}},"line":232},"13":{"name":"(anonymous_13)","decl":{"start":{"line":242,"column":31},"end":{"line":242,"column":32}},"loc":{"start":{"line":242,"column":37},"end":{"line":242,"column":66}},"line":242},"14":{"name":"(anonymous_14)","decl":{"start":{"line":244,"column":29},"end":{"line":244,"column":30}},"loc":{"start":{"line":244,"column":35},"end":{"line":244,"column":64}},"line":244}},"branchMap":{"0":{"loc":{"start":{"line":89,"column":14},"end":{"line":95,"column":16}},"type":"cond-expr","locations":[{"start":{"line":90,"column":14},"end":{"line":94,"column":15}},{"start":{"line":95,"column":14},"end":{"line":95,"column":16}}],"line":89},"1":{"loc":{"start":{"line":106,"column":8},"end":{"line":110,"column":9}},"type":"if","locations":[{"start":{"line":106,"column":8},"end":{"line":110,"column":9}},{"start":{"line":106,"column":8},"end":{"line":110,"column":9}}],"line":106},"2":{"loc":{"start":{"line":137,"column":8},"end":{"line":139,"column":9}},"type":"if","locations":[{"start":{"line":137,"column":8},"end":{"line":139,"column":9}},{"start":{"line":137,"column":8},"end":{"line":139,"column":9}}],"line":137},"3":{"loc":{"start":{"line":141,"column":8},"end":{"line":144,"column":9}},"type":"if","locations":[{"start":{"line":141,"column":8},"end":{"line":144,"column":9}},{"start":{"line":141,"column":8},"end":{"line":144,"column":9}}],"line":141},"4":{"loc":{"start":{"line":163,"column":16},"end":{"line":163,"column":61}},"type":"cond-expr","locations":[{"start":{"line":163,"column":40},"end":{"line":163,"column":49}},{"start":{"line":163,"column":52},"end":{"line":163,"column":61}}],"line":163}},"s":{"0":0,"1":0,"2":0,"3":0,"4":0,"5":0,"6":0,"7":0,"8":0,"9":0,"10":0,"11":0,"12":0,"13":0,"14":0,"15":0,"16":0,"17":0,"18":0,"19":0,"20":0,"21":0,"22":0,"23":0,"24":0,"25":0,"26":0,"27":0,"28":0,"29":0,"30":0,"31":0,"32":0,"33":0,"34":0,"35":0,"36":0,"37":0,"38":0,"39":0,"40":0,"41":0,"42":0,"43":0,"44":0,"45":0,"46":0},"f":{"0":0,"1":0,"2":0,"3":0,"4":0,"5":0,"6":0,"7":0,"8":0,"9":0,"10":0,"11":0,"12":0,"13":0,"14":0},"b":{"0":[0,0],"1":[0,0],"2":[0,0],"3":[0,0],"4":[0,0]},"hash":"3172b410b5803e48062cd9023f1292a4cbd9a6fd"}
,"C:\\Users\\augus\\native_type\\src\\pages\\SignIn\\index.tsx": {"path":"C:\\Users\\augus\\native_type\\src\\pages\\SignIn\\index.tsx","statementMap":{"0":{"start":{"line":35,"column":25},"end":{"line":135,"column":1}},"1":{"start":{"line":36,"column":21},"end":{"line":36,"column":36}},"2":{"start":{"line":37,"column":18},"end":{"line":37,"column":43}},"3":{"start":{"line":38,"column":27},"end":{"line":38,"column":50}},"4":{"start":{"line":39,"column":19},"end":{"line":39,"column":28}},"5":{"start":{"line":41,"column":23},"end":{"line":73,"column":3}},"6":{"start":{"line":43,"column":6},"end":{"line":43,"column":37}},"7":{"start":{"line":45,"column":6},"end":{"line":70,"column":7}},"8":{"start":{"line":46,"column":23},"end":{"line":51,"column":10}},"9":{"start":{"line":53,"column":8},"end":{"line":55,"column":11}},"10":{"start":{"line":57,"column":8},"end":{"line":60,"column":11}},"11":{"start":{"line":62,"column":8},"end":{"line":64,"column":9}},"12":{"start":{"line":63,"column":10},"end":{"line":63,"column":63}},"13":{"start":{"line":66,"column":8},"end":{"line":69,"column":10}},"14":{"start":{"line":75,"column":2},"end":{"line":134,"column":4}},"15":{"start":{"line":100,"column":18},"end":{"line":100,"column":52}},"16":{"start":{"line":111,"column":18},"end":{"line":111,"column":48}},"17":{"start":{"line":116,"column":18},"end":{"line":116,"column":48}},"18":{"start":{"line":129,"column":42},"end":{"line":129,"column":71}}},"fnMap":{"0":{"name":"(anonymous_0)","decl":{"start":{"line":35,"column":25},"end":{"line":35,"column":26}},"loc":{"start":{"line":35,"column":31},"end":{"line":135,"column":1}},"line":35},"1":{"name":"(anonymous_1)","decl":{"start":{"line":42,"column":4},"end":{"line":42,"column":5}},"loc":{"start":{"line":42,"column":32},"end":{"line":71,"column":5}},"line":42},"2":{"name":"(anonymous_2)","decl":{"start":{"line":99,"column":33},"end":{"line":99,"column":34}},"loc":{"start":{"line":99,"column":39},"end":{"line":101,"column":17}},"line":99},"3":{"name":"(anonymous_3)","decl":{"start":{"line":110,"column":33},"end":{"line":110,"column":34}},"loc":{"start":{"line":110,"column":39},"end":{"line":112,"column":17}},"line":110},"4":{"name":"(anonymous_4)","decl":{"start":{"line":115,"column":25},"end":{"line":115,"column":26}},"loc":{"start":{"line":115,"column":31},"end":{"line":117,"column":17}},"line":115},"5":{"name":"(anonymous_5)","decl":{"start":{"line":129,"column":36},"end":{"line":129,"column":37}},"loc":{"start":{"line":129,"column":42},"end":{"line":129,"column":71}},"line":129}},"branchMap":{"0":{"loc":{"start":{"line":62,"column":8},"end":{"line":64,"column":9}},"type":"if","locations":[{"start":{"line":62,"column":8},"end":{"line":64,"column":9}},{"start":{"line":62,"column":8},"end":{"line":64,"column":9}}],"line":62},"1":{"loc":{"start":{"line":78,"column":18},"end":{"line":78,"column":63}},"type":"cond-expr","locations":[{"start":{"line":78,"column":42},"end":{"line":78,"column":51}},{"start":{"line":78,"column":54},"end":{"line":78,"column":63}}],"line":78}},"s":{"0":1,"1":1,"2":1,"3":1,"4":1,"5":1,"6":0,"7":0,"8":0,"9":0,"10":0,"11":0,"12":0,"13":0,"14":1,"15":0,"16":0,"17":0,"18":0},"f":{"0":1,"1":0,"2":0,"3":0,"4":0,"5":0},"b":{"0":[0,0],"1":[1,0]},"_coverageSchema":"43e27e138ebf9cfc5966b082cf9a028302ed4184","hash":"44fa444814c3b5a4cf4a3eb18cf2a0248aa65045"}
,"C:\\Users\\augus\\native_type\\src\\pages\\SignUp\\index.tsx": {"path":"C:\\Users\\augus\\native_type\\src\\pages\\SignUp\\index.tsx","statementMap":{"0":{"start":{"line":34,"column":25},"end":{"line":143,"column":1}},"1":{"start":{"line":35,"column":21},"end":{"line":35,"column":36}},"2":{"start":{"line":36,"column":18},"end":{"line":36,"column":43}},"3":{"start":{"line":37,"column":24},"end":{"line":37,"column":47}},"4":{"start":{"line":38,"column":27},"end":{"line":38,"column":50}},"5":{"start":{"line":39,"column":23},"end":{"line":80,"column":3}},"6":{"start":{"line":41,"column":6},"end":{"line":41,"column":37}},"7":{"start":{"line":43,"column":6},"end":{"line":77,"column":7}},"8":{"start":{"line":44,"column":23},"end":{"line":53,"column":10}},"9":{"start":{"line":55,"column":8},"end":{"line":57,"column":11}},"10":{"start":{"line":59,"column":8},"end":{"line":59,"column":38}},"11":{"start":{"line":61,"column":8},"end":{"line":61,"column":28}},"12":{"start":{"line":63,"column":8},"end":{"line":66,"column":10}},"13":{"start":{"line":68,"column":8},"end":{"line":72,"column":9}},"14":{"start":{"line":69,"column":10},"end":{"line":69,"column":63}},"15":{"start":{"line":71,"column":10},"end":{"line":71,"column":17}},"16":{"start":{"line":73,"column":8},"end":{"line":76,"column":10}},"17":{"start":{"line":81,"column":2},"end":{"line":142,"column":4}},"18":{"start":{"line":104,"column":18},"end":{"line":104,"column":49}},"19":{"start":{"line":117,"column":18},"end":{"line":117,"column":52}},"20":{"start":{"line":128,"column":39},"end":{"line":128,"column":68}},"21":{"start":{"line":130,"column":37},"end":{"line":130,"column":66}},"22":{"start":{"line":137,"column":41},"end":{"line":137,"column":60}}},"fnMap":{"0":{"name":"(anonymous_0)","decl":{"start":{"line":34,"column":25},"end":{"line":34,"column":26}},"loc":{"start":{"line":34,"column":31},"end":{"line":143,"column":1}},"line":34},"1":{"name":"(anonymous_1)","decl":{"start":{"line":40,"column":4},"end":{"line":40,"column":5}},"loc":{"start":{"line":40,"column":36},"end":{"line":78,"column":5}},"line":40},"2":{"name":"(anonymous_2)","decl":{"start":{"line":103,"column":33},"end":{"line":103,"column":34}},"loc":{"start":{"line":103,"column":39},"end":{"line":105,"column":17}},"line":103},"3":{"name":"(anonymous_3)","decl":{"start":{"line":116,"column":33},"end":{"line":116,"column":34}},"loc":{"start":{"line":116,"column":39},"end":{"line":118,"column":17}},"line":116},"4":{"name":"(anonymous_4)","decl":{"start":{"line":128,"column":33},"end":{"line":128,"column":34}},"loc":{"start":{"line":128,"column":39},"end":{"line":128,"column":68}},"line":128},"5":{"name":"(anonymous_5)","decl":{"start":{"line":130,"column":31},"end":{"line":130,"column":32}},"loc":{"start":{"line":130,"column":37},"end":{"line":130,"column":66}},"line":130},"6":{"name":"(anonymous_6)","decl":{"start":{"line":137,"column":35},"end":{"line":137,"column":36}},"loc":{"start":{"line":137,"column":41},"end":{"line":137,"column":60}},"line":137}},"branchMap":{"0":{"loc":{"start":{"line":68,"column":8},"end":{"line":72,"column":9}},"type":"if","locations":[{"start":{"line":68,"column":8},"end":{"line":72,"column":9}},{"start":{"line":68,"column":8},"end":{"line":72,"column":9}}],"line":68},"1":{"loc":{"start":{"line":84,"column":18},"end":{"line":84,"column":63}},"type":"cond-expr","locations":[{"start":{"line":84,"column":42},"end":{"line":84,"column":51}},{"start":{"line":84,"column":54},"end":{"line":84,"column":63}}],"line":84}},"s":{"0":0,"1":0,"2":0,"3":0,"4":0,"5":0,"6":0,"7":0,"8":0,"9":0,"10":0,"11":0,"12":0,"13":0,"14":0,"15":0,"16":0,"17":0,"18":0,"19":0,"20":0,"21":0,"22":0},"f":{"0":0,"1":0,"2":0,"3":0,"4":0,"5":0,"6":0},"b":{"0":[0,0],"1":[0,0]},"hash":"44715f5eaa641703c2ddc4916d5d838023e83a5e"}
}
